1654523212339	geckodriver	INFO	Listening on 127.0.0.1:58837
1654523215391	mozrunner::runner	INFO	Running command: "C:\\Program Files\\Mozilla Firefox\\firefox.exe" "--marionette" "--remote-debugging-port" "58838" "--remote-allow-hosts" "localhost" "-no-remote" "-profile" "C:\\Users\\UseR\\AppData\\Local\\Temp\\rust_mozprofileQF7sKs"
1654523215720	Marionette	INFO	Marionette enabled
console.warn: SearchSettings: "get: No settings file exists, new profile?" (new NotFoundError("Could not open the file at C:\\Users\\UseR\\AppData\\Local\\Temp\\rust_mozprofileQF7sKs\\search.json.mozlz4", (void 0)))
DevTools listening on ws://localhost:58838/devtools/browser/5ae9c691-d0f0-4603-be1e-aad5b04cee63
1654523217428	Marionette	INFO	Listening on port 64645
Read port: 64645
1654523217576	RemoteAgent	WARN	TLS certificate errors will be ignored for this session
1654523434158	Marionette	INFO	Stopped listening on port 64645
4523300317	mozrunner::runner	INFO	Running command: "C:\\Program Files\\Mozilla Firefox\\firefox.exe" "--marionette" "--remote-debugging-port" "64682" "--remote-allow-hosts" "localhost" "-no-remote" "-profile" "C:\\Users\\UseR\\AppData\\Local\\Temp\\rust_mozprofileytCmLe"
1654523300677	Marionette	INFO	Marionette enabled
console.warn: SearchSettings: "get: No settings file exists, new profile?" (new NotFoundError("Could not open the file at C:\\Users\\UseR\\AppData\\Local\\Temp\\rust_mozprofileytCmLe\\search.json.mozlz4", (void 0)))
DevTools listening on ws://localhost:64682/devtools/browser/53b1606b-b78f-4337-86fb-755a3f236345
1654523303290	Marionette	INFO	Listening on port 64702
Read port: 64702
1654523303322	RemoteAgent	WARN	TLS certificate errors will be ignored for this session
1654523434061	Marionette	INFO	Stopped listening on port 64702
4523359140	mozrunner::runner	INFO	Running command: "C:\\Program Files\\Mozilla Firefox\\firefox.exe" "--marionette" "--remote-debugging-port" "64737" "--remote-allow-hosts" "localhost" "-no-remote" "-profile" "C:\\Users\\UseR\\AppData\\Local\\Temp\\rust_mozprofileJgADVN"
1654523359432	Marionette	INFO	Marionette enabled
console.warn: SearchSettings: "get: No settings file exists, new profile?" (new NotFoundError("Could not open the file at C:\\Users\\UseR\\AppData\\Local\\Temp\\rust_mozprofileJgADVN\\search.json.mozlz4", (void 0)))
DevTools listening on ws://localhost:64737/devtools/browser/2cff248b-141c-4def-8d33-8f960f1da758
1654523361112	Marionette	INFO	Listening on port 64758
Read port: 64758
1654523361144	RemoteAgent	WARN	TLS certificate errors will be ignored for this session
1654523434085	Marionette	INFO	Stopped listening on port 64758
[Parent 13108, IPC I/O Parent] WARNING: DuplicateHandle failed for handle 0 in TransferHandles: file /builds/worker/checkouts/gecko/ipc/chromium/src/chrome/common/ipc_channel_win.cc:725
no-remote" "-profile" "C:\\Users\\UseR\\AppData\\Local\\Temp\\rust_mozprofilea7VkGM"
1654523426618	Marionette	INFO	Marionette enabled
console.warn: SearchSettings: "get: No settings file exists, new profile?" (new NotFoundError("Could not open the file at C:\\Users\\UseR\\AppData\\Local\\Temp\\rust_mozprofilea7VkGM\\search.json.mozlz4", (void 0)))
DevTools listening on ws://localhost:64795/devtools/browser/4e16d297-8aec-4cec-9e4d-44c8519120bc
1654523428176	Marionette	INFO	Listening on port 64814
Read port: 64814
1654523428271	RemoteAgent	WARN	TLS certificate errors will be ignored for this session
1654523433805	Marionette	INFO	Stopped listening on port 64814
!!! error running onStopped callback: TypeError: callback is not a function
console.warn: TopSitesFeed: Failed to fetch data from Contile server: NetworkError when attempting to fetch resource.
1654523453379	geckodriver	INFO	Listening on 127.0.0.1:64844
1654523456466	mozrunner::runner	INFO	Running command: "C:\\Program Files\\Mozilla Firefox\\firefox.exe" "--marionette" "--remote-debugging-port" "64845" "--remote-allow-hosts" "localhost" "-no-remote" "-profile" "C:\\Users\\UseR\\AppData\\Local\\Temp\\rust_mozprofilesRkZeg"
1654523456768	Marionette	INFO	Marionette enabled
console.warn: SearchSettings: "get: No settings file exists, new profile?" (new NotFoundError("Could not open the file at C:\\Users\\UseR\\AppData\\Local\\Temp\\rust_mozprofilesRkZeg\\search.json.mozlz4", (void 0)))
DevTools listening on ws://localhost:64845/devtools/browser/75c0522c-2ae8-468d-afd0-6c0f74d55f7b
1654523458371	Marionette	INFO	Listening on port 53473
Read port: 53473
1654523458406	RemoteAgent	WARN	TLS certificate errors will be ignored for this session
1654523592764	Marionette	INFO	Stopped listening on port 53473
console.warn: TopSitesFeed: Failed to fetch data from Contile server: NetworkError when attempting to fetch resource.
[Parent 5456, IPC I/O Parent] WARNING: DuplicateHandle failed for handle 0 in TransferHandles: file /builds/worker/checkouts/gecko/ipc/chromium/src/chrome/common/ipc_channel_win.cc:725

###!!! [Parent][PGPUParent] Error: RunMessage(msgname=PGPU::Msg_ShutdownVR) Channel closing: too late to send/recv, messages will be lost

Users\\UseR\\AppData\\Local\\Temp\\rust_mozprofileTFo2FI\\search.json.mozlz4", (void 0)))
DevTools listening on ws://localhost:53512/devtools/browser/246134f6-3129-4f30-92c7-15b8fd5b243e
1654523584001	Marionette	INFO	Listening on port 53531
Read port: 53531
1654523584062	RemoteAgent	WARN	TLS certificate errors will be ignored for this session
1654523593508	Marionette	INFO	Stopped listening on port 53531
console.warn: TopSitesFeed: Failed to fetch data from Contile server: NetworkError when attempting to fetch resource.
!!! error running onStopped callback: TypeError: callback is not a function
1654523597071	geckodriver	INFO	Listening on 127.0.0.1:53558
1654523600133	mozrunner::runner	INFO	Running command: "C:\\Program Files\\Mozilla Firefox\\firefox.exe" "--marionette" "--remote-debugging-port" "53559" "--remote-allow-hosts" "localhost" "-no-remote" "-profile" "C:\\Users\\UseR\\AppData\\Local\\Temp\\rust_mozprofileBCEA15"
1654523600519	Marionette	INFO	Marionette enabled
console.warn: SearchSettings: "get: No settings file exists, new profile?" (new NotFoundError("Could not open the file at C:\\Users\\UseR\\AppData\\Local\\Temp\\rust_mozprofileBCEA15\\search.json.mozlz4", (void 0)))
DevTools listening on ws://localhost:53559/devtools/browser/34b29bdd-de89-419d-9277-26d668c40b32
1654523603345	Marionette	INFO	Listening on port 53583
Read port: 53583
1654523603410	RemoteAgent	WARN	TLS certificate errors will be ignored for this session
1654523682126	Marionette	INFO	Stopped listening on port 53583
console.warn: TopSitesFeed: Failed to fetch data from Contile server: NetworkError when attempting to fetch resource.

###!!! [Parent][PGPUParent] Error: RunMessage(msgname=PGPU::Msg_ShutdownVR) Channel closing: too late to send/recv, messages will be lost

1654523685173	geckodriver	INFO	Listening on 127.0.0.1:53618
1654523688254	mozrunner::runner	INFO	Running command: "C:\\Program Files\\Mozilla Firefox\\firefox.exe" "--marionette" "--remote-debugging-port" "53619" "--remote-allow-hosts" "localhost" "-no-remote" "-profile" "C:\\Users\\UseR\\AppData\\Local\\Temp\\rust_mozprofilec1tmmB"
1654523688570	Marionette	INFO	Marionette enabled
console.warn: SearchSettings: "get: No settings file exists, new profile?" (new NotFoundError("Could not open the file at C:\\Users\\UseR\\AppData\\Local\\Temp\\rust_mozprofilec1tmmB\\search.json.mozlz4", (void 0)))
DevTools listening on ws://localhost:53619/devtools/browser/93a479f1-4c0f-4019-bb6a-bfd6c249c685
1654523690280	Marionette	INFO	Listening on port 53639
Read port: 53639
1654523690388	RemoteAgent	WARN	TLS certificate errors will be ignored for this session
console.warn: LoginRecipes: "getRecipes: falling back to a synchronous message for:" "https://demo.opencart.com"
console.warn: LoginRecipes: "getRecipes: falling back to a synchronous message for:" "https://demo.opencart.com"
JavaScript error: resource://gre/modules/AsyncShutdown.jsm, line 575: NotFoundError: No such JSWindowActor 'DevToolsFrame'
1654524397052	Marionette	INFO	Stopped listening on port 53639
e-debugging-port" "52876" "--remote-allow-hosts" "localhost" "-no-remote" "-profile" "C:\\Users\\UseR\\AppData\\Local\\Temp\\rust_mozprofileJlrOt3"
1654524260949	Marionette	INFO	Marionette enabled
console.warn: SearchSettings: "get: No settings file exists, new profile?" (new NotFoundError("Could not open the file at C:\\Users\\UseR\\AppData\\Local\\Temp\\rust_mozprofileJlrOt3\\search.json.mozlz4", (void 0)))
DevTools listening on ws://localhost:52876/devtools/browser/25f984e0-2940-4c19-b70d-ed39b7ea6882
1654524262784	Marionette	INFO	Listening on port 52897
Read port: 52897
1654524262848	RemoteAgent	WARN	TLS certificate errors will be ignored for this session
1654524268622	Marionette	INFO	Stopped listening on port 52897
console.warn: TopSitesFeed: Failed to fetch data from Contile server: NetworkError when attempting to fetch resource.
1654524348428	geckodriver	INFO	Listening on 127.0.0.1:52930
1654524351494	mozrunner::runner	INFO	Running command: "C:\\Program Files\\Mozilla Firefox\\firefox.exe" "--marionette" "--remote-debugging-port" "52931" "--remote-allow-hosts" "localhost" "-no-remote" "-profile" "C:\\Users\\UseR\\AppData\\Local\\Temp\\rust_mozprofile6rmtK3"
1654524351802	Marionette	INFO	Marionette enabled
console.warn: SearchSettings: "get: No settings file exists, new profile?" (new NotFoundError("Could not open the file at C:\\Users\\UseR\\AppData\\Local\\Temp\\rust_mozprofile6rmtK3\\search.json.mozlz4", (void 0)))
DevTools listening on ws://localhost:52931/devtools/browser/a15be28f-7812-43c5-bf9f-360fdf46192c
1654524353365	Marionette	INFO	Listening on port 52952
Read port: 52952
1654524353560	RemoteAgent	WARN	TLS certificate errors will be ignored for this session
1654524396992	Marionette	INFO	Stopped listening on port 52952
4524389478	mozrunner::runner	INFO	Running command: "C:\\Program Files\\Mozilla Firefox\\firefox.exe" "--marionette" "--remote-debugging-port" "52991" "--remote-allow-hosts" "localhost" "-no-remote" "-profile" "C:\\Users\\UseR\\AppData\\Local\\Temp\\rust_mozprofilejkTBHe"
1654524389778	Marionette	INFO	Marionette enabled
console.warn: SearchSettings: "get: No settings file exists, new profile?" (new NotFoundError("Could not open the file at C:\\Users\\UseR\\AppData\\Local\\Temp\\rust_mozprofilejkTBHe\\search.json.mozlz4", (void 0)))
DevTools listening on ws://localhost:52991/devtools/browser/269482f7-26fe-47b3-95bf-00c6483a7718
1654524391462	Marionette	INFO	Listening on port 53011
Read port: 53011
1654524391601	RemoteAgent	WARN	TLS certificate errors will be ignored for this session
1654524396816	Marionette	INFO	Stopped listening on port 53011
console.warn: TopSitesFeed: Failed to fetch data from Contile server: NetworkError when attempting to fetch resource.
!!! error running onStopped callback: TypeError: callback is not a function
1654524784069	geckodriver	INFO	Listening on 127.0.0.1:60920
1654524787148	mozrunner::runner	INFO	Running command: "C:\\Program Files\\Mozilla Firefox\\firefox.exe" "--marionette" "--remote-debugging-port" "60921" "--remote-allow-hosts" "localhost" "-no-remote" "-profile" "C:\\Users\\UseR\\AppData\\Local\\Temp\\rust_mozprofileQLfOFf"
1654524787450	Marionette	INFO	Marionette enabled
console.warn: SearchSettings: "get: No settings file exists, new profile?" (new NotFoundError("Could not open the file at C:\\Users\\UseR\\AppData\\Local\\Temp\\rust_mozprofileQLfOFf\\search.json.mozlz4", (void 0)))
DevTools listening on ws://localhost:60921/devtools/browser/24323e15-77d2-4928-9ca1-23602d61e875
1654524788898	Marionette	INFO	Listening on port 60942
Read port: 60942
1654524788932	RemoteAgent	WARN	TLS certificate errors will be ignored for this session
1654524796495	Marionette	INFO	Stopped listening on port 60942
console.warn: TopSitesFeed: Failed to fetch data from Contile server: NetworkError when attempting to fetch resource.

###!!! [Parent][PGPUParent] Error: RunMessage(msgname=PGPU::Msg_ShutdownVR) Channel closing: too late to send/recv, messages will be lost

1654524806741	geckodriver	INFO	Listening on 127.0.0.1:60969
1654524809802	mozrunner::runner	INFO	Running command: "C:\\Program Files\\Mozilla Firefox\\firefox.exe" "--marionette" "--remote-debugging-port" "60970" "--remote-allow-hosts" "localhost" "-no-remote" "-profile" "C:\\Users\\UseR\\AppData\\Local\\Temp\\rust_mozprofiledEQ6jd"
1654524810109	Marionette	INFO	Marionette enabled
console.warn: SearchSettings: "get: No settings file exists, new profile?" (new NotFoundError("Could not open the file at C:\\Users\\UseR\\AppData\\Local\\Temp\\rust_mozprofiledEQ6jd\\search.json.mozlz4", (void 0)))
DevTools listening on ws://localhost:60970/devtools/browser/183c94ce-e54c-4ef8-80f8-b86ca9750114
1654524811667	Marionette	INFO	Listening on port 60990
Read port: 60990
1654524811709	RemoteAgent	WARN	TLS certificate errors will be ignored for this session
1654525340162	addons.xpi	ERROR	System addon update list error Error: Failed downloading XML, status: 0, reason: timeout
console.warn: LoginRecipes: "getRecipes: falling back to a synchronous message for:" "https://demo.opencart.com"
console.warn: LoginRecipes: "getRecipes: falling back to a synchronous message for:" "https://demo.opencart.com"
-hosts" "localhost" "-no-remote" "-profile" "C:\\Users\\UseR\\AppData\\Local\\Temp\\rust_mozprofileGVNfTS"
1654525425552	Marionette	INFO	Marionette enabled
console.warn: SearchSettings: "get: No settings file exists, new profile?" (new NotFoundError("Could not open the file at C:\\Users\\UseR\\AppData\\Local\\Temp\\rust_mozprofileGVNfTS\\search.json.mozlz4", (void 0)))
DevTools listening on ws://localhost:64307/devtools/browser/2e05b4a9-e03c-436d-b5ae-033b6d10bbe4
1654525427168	Marionette	INFO	Listening on port 64328
Read port: 64328
1654525427315	RemoteAgent	WARN	TLS certificate errors will be ignored for this session
console.error: services.settings: 
  main/query-stripping Signature failed  InvalidSignatureError: Invalid content signature (main/query-stripping)
console.error: services.settings: 
  main/query-stripping local data was corrupted
console.warn: services.settings: main/query-stripping Signature verified failed. Retry from scratch
console.error: services.settings: 
  main/query-stripping Signature failed again InvalidSignatureError: Invalid content signature (main/query-stripping)
console.warn: LoginRecipes: "getRecipes: falling back to a synchronous message for:" "https://sso.teachable.com"
console.warn: LoginRecipes: "getRecipes: falling back to a synchronous message for:" "https://sso.teachable.com"
JavaScript error: resource://gre/modules/LoginManagerParent.jsm, line 136: TypeError: gRecipeManager is null
1654525440643	Marionette	INFO	Stopped listening on port 64328
console.warn: TopSitesFeed: Failed to fetch data from Contile server: NetworkError when attempting to fetch resource.
